This file contains any messages produced by compilers while
running configure, to aid debugging if configure makes a mistake.

It was created by QRencode configure 4.1.1, which was
generated by GNU Autoconf 2.69.  Invocation command line was

  $ ./configure 

## --------- ##
## Platform. ##
## --------- ##

hostname = wiacek
uname -m = x86_64
uname -r = 5.4.0-125-generic
uname -s = Linux
uname -v = #141-Ubuntu SMP Wed Aug 10 13:42:03 UTC 2022

/usr/bin/uname -p = unknown
/bin/uname -X     = unknown

/bin/arch              = unknown
/usr/bin/arch -k       = unknown
/usr/convex/getsysinfo = unknown
/usr/bin/hostinfo      = unknown
/bin/machine           = unknown
/usr/bin/oslevel       = unknown
/bin/universe          = unknown

PATH: /home/marcin/.local/bin
PATH: /home/marcin/bin
PATH: /usr/local/sbin
PATH: /usr/local/bin
PATH: /usr/sbin
PATH: /usr/bin
PATH: /sbin
PATH: /bin
PATH: /usr/games
PATH: /usr/local/games
PATH: /snap/bin


## ----------- ##
## Core tests. ##
## ----------- ##

configure:2345: checking build system type
configure:2359: result: x86_64-unknown-linux-gnu
configure:2379: checking host system type
configure:2392: result: x86_64-unknown-linux-gnu
configure:2412: checking target system type
configure:2425: result: x86_64-unknown-linux-gnu
configure:2468: checking for a BSD-compatible install
configure:2536: result: /usr/bin/install -c
configure:2547: checking whether build environment is sane
configure:2602: result: yes
configure:2751: checking for a thread-safe mkdir -p
configure:2790: result: /bin/mkdir -p
configure:2797: checking for gawk
configure:2813: found /usr/bin/gawk
configure:2824: result: gawk
configure:2835: checking whether make sets $(MAKE)
configure:2857: result: yes
configure:2886: checking whether make supports nested variables
configure:2903: result: yes
configure:3065: checking whether make supports the include directive
configure:3080: make -f confmf.GNU && cat confinc.out
this is the am__doit target
configure:3083: $? = 0
configure:3102: result: yes (GNU style)
configure:3172: checking for gcc
configure:3188: found /usr/bin/gcc
configure:3199: result: gcc
configure:3428: checking for C compiler version
configure:3437: gcc --version >&5
gcc (Ubuntu 9.4.0-1ubuntu1~20.04.1) 9.4.0
Copyright (C) 2019 Free Software Foundation, Inc.
This is free software; see the source for copying conditions.  There is NO
warranty; not even for MERCHANTABILITY or FITNESS FOR A PARTICULAR PURPOSE.

configure:3448: $? = 0
configure:3437: gcc -v >&5
Using built-in specs.
COLLECT_GCC=gcc
COLLECT_LTO_WRAPPER=/usr/lib/gcc/x86_64-linux-gnu/9/lto-wrapper
OFFLOAD_TARGET_NAMES=nvptx-none:hsa
OFFLOAD_TARGET_DEFAULT=1
Target: x86_64-linux-gnu
Configured with: ../src/configure -v --with-pkgversion='Ubuntu 9.4.0-1ubuntu1~20.04.1' --with-bugurl=file:///usr/share/doc/gcc-9/README.Bugs --enable-languages=c,ada,c++,go,brig,d,fortran,objc,obj-c++,gm2 --prefix=/usr --with-gcc-major-version-only --program-suffix=-9 --program-prefix=x86_64-linux-gnu- --enable-shared --enable-linker-build-id --libexecdir=/usr/lib --without-included-gettext --enable-threads=posix --libdir=/usr/lib --enable-nls --enable-clocale=gnu --enable-libstdcxx-debug --enable-libstdcxx-time=yes --with-default-libstdcxx-abi=new --enable-gnu-unique-object --disable-vtable-verify --enable-plugin --enable-default-pie --with-system-zlib --with-target-system-zlib=auto --enable-objc-gc=auto --enable-multiarch --disable-werror --with-arch-32=i686 --with-abi=m64 --with-multilib-list=m32,m64,mx32 --enable-multilib --with-tune=generic --enable-offload-targets=nvptx-none=/build/gcc-9-Av3uEd/gcc-9-9.4.0/debian/tmp-nvptx/usr,hsa --without-cuda-driver --enable-checking=release --build=x86_64-linux-gnu --host=x86_64-linux-gnu --target=x86_64-linux-gnu
Thread model: posix
gcc version 9.4.0 (Ubuntu 9.4.0-1ubuntu1~20.04.1) 
configure:3448: $? = 0
configure:3437: gcc -V >&5
gcc: error: unrecognized command line option '-V'
gcc: fatal error: no input files
compilation terminated.
configure:3448: $? = 1
configure:3437: gcc -qversion >&5
gcc: error: unrecognized command line option '-qversion'; did you mean '--version'?
gcc: fatal error: no input files
compilation terminated.
configure:3448: $? = 1
configure:3468: checking whether the C compiler works
configure:3490: gcc    conftest.c  >&5
configure:3494: $? = 0
configure:3542: result: yes
configure:3545: checking for C compiler default output file name
configure:3547: result: a.out
configure:3553: checking for suffix of executables
configure:3560: gcc -o conftest    conftest.c  >&5
configure:3564: $? = 0
configure:3586: result: 
configure:3608: checking whether we are cross compiling
configure:3616: gcc -o conftest    conftest.c  >&5
configure:3620: $? = 0
configure:3627: ./conftest
configure:3631: $? = 0
configure:3619: result: no
configure:3624: checking for suffix of object files
configure:3646: gcc -c   conftest.c >&5
configure:3650: $? = 0
configure:3671: result: o
configure:3675: checking whether we are using the GNU C compiler
configure:3694: gcc -c   conftest.c >&5
configure:3694: $? = 0
configure:3703: result: yes
configure:3712: checking whether gcc accepts -g
configure:3732: gcc -c -g  conftest.c >&5
configure:3732: $? = 0
configure:3773: result: yes
configure:3790: checking for gcc option to accept ISO C89
configure:3853: gcc  -c -g -O2  conftest.c >&5
configure:3853: $? = 0
configure:3866: result: none needed
configure:3891: checking whether gcc understands -c and -o together
configure:3913: gcc -c conftest.c -o conftest2.o
configure:3916: $? = 0
configure:3913: gcc -c conftest.c -o conftest2.o
configure:3916: $? = 0
configure:3928: result: yes
configure:3947: checking dependency style of gcc
configure:4058: result: gcc3
configure:4074: checking for an ANSI C-conforming const
configure:4140: gcc -c -g -O2  conftest.c >&5
configure:4140: $? = 0
configure:4147: result: yes
configure:4155: checking for inline
configure:4171: gcc -c -g -O2  conftest.c >&5
configure:4171: $? = 0
configure:4179: result: inline
configure:4202: checking how to run the C preprocessor
configure:4233: gcc -E  conftest.c
configure:4233: $? = 0
configure:4247: gcc -E  conftest.c
conftest.c:14:10: fatal error: ac_nonexistent.h: No such file or directory
   14 | #include <ac_nonexistent.h>
      |          ^~~~~~~~~~~~~~~~~~
compilation terminated.
configure:4247: $? = 1
configure: failed program was:
| /* confdefs.h */
| #define PACKAGE_NAME "QRencode"
| #define PACKAGE_TARNAME "qrencode"
| #define PACKAGE_VERSION "4.1.1"
| #define PACKAGE_STRING "QRencode 4.1.1"
| #define PACKAGE_BUGREPORT ""
| #define PACKAGE_URL ""
| #define MAJOR_VERSION 4
| #define MINOR_VERSION 1
| #define MICRO_VERSION 1
| #define PACKAGE "qrencode"
| #define VERSION "4.1.1"
| /* end confdefs.h.  */
| #include <ac_nonexistent.h>
configure:4272: result: gcc -E
configure:4292: gcc -E  conftest.c
configure:4292: $? = 0
configure:4306: gcc -E  conftest.c
conftest.c:14:10: fatal error: ac_nonexistent.h: No such file or directory
   14 | #include <ac_nonexistent.h>
      |          ^~~~~~~~~~~~~~~~~~
compilation terminated.
configure:4306: $? = 1
configure: failed program was:
| /* confdefs.h */
| #define PACKAGE_NAME "QRencode"
| #define PACKAGE_TARNAME "qrencode"
| #define PACKAGE_VERSION "4.1.1"
| #define PACKAGE_STRING "QRencode 4.1.1"
| #define PACKAGE_BUGREPORT ""
| #define PACKAGE_URL ""
| #define MAJOR_VERSION 4
| #define MINOR_VERSION 1
| #define MICRO_VERSION 1
| #define PACKAGE "qrencode"
| #define VERSION "4.1.1"
| /* end confdefs.h.  */
| #include <ac_nonexistent.h>
configure:4335: checking for grep that handles long lines and -e
configure:4393: result: /bin/grep
configure:4398: checking for egrep
configure:4460: result: /bin/grep -E
configure:4465: checking for ANSI C header files
configure:4485: gcc -c -g -O2  conftest.c >&5
configure:4485: $? = 0
configure:4558: gcc -o conftest -g -O2   conftest.c  >&5
configure:4558: $? = 0
configure:4558: ./conftest
configure:4558: $? = 0
configure:4569: result: yes
configure:4582: checking for sys/types.h
configure:4582: gcc -c -g -O2  conftest.c >&5
configure:4582: $? = 0
configure:4582: result: yes
configure:4582: checking for sys/stat.h
configure:4582: gcc -c -g -O2  conftest.c >&5
configure:4582: $? = 0
configure:4582: result: yes
configure:4582: checking for stdlib.h
configure:4582: gcc -c -g -O2  conftest.c >&5
configure:4582: $? = 0
configure:4582: result: yes
configure:4582: checking for string.h
configure:4582: gcc -c -g -O2  conftest.c >&5
configure:4582: $? = 0
configure:4582: result: yes
configure:4582: checking for memory.h
configure:4582: gcc -c -g -O2  conftest.c >&5
configure:4582: $? = 0
configure:4582: result: yes
configure:4582: checking for strings.h
configure:4582: gcc -c -g -O2  conftest.c >&5
configure:4582: $? = 0
configure:4582: result: yes
configure:4582: checking for inttypes.h
configure:4582: gcc -c -g -O2  conftest.c >&5
configure:4582: $? = 0
configure:4582: result: yes
configure:4582: checking for stdint.h
configure:4582: gcc -c -g -O2  conftest.c >&5
configure:4582: $? = 0
configure:4582: result: yes
configure:4582: checking for unistd.h
configure:4582: gcc -c -g -O2  conftest.c >&5
configure:4582: $? = 0
configure:4582: result: yes
configure:4596: checking sys/time.h usability
configure:4596: gcc -c -g -O2  conftest.c >&5
configure:4596: $? = 0
configure:4596: result: yes
configure:4596: checking sys/time.h presence
configure:4596: gcc -E  conftest.c
configure:4596: $? = 0
configure:4596: result: yes
configure:4596: checking for sys/time.h
configure:4596: result: yes
configure:4653: checking how to print strings
configure:4680: result: printf
configure:4701: checking for a sed that does not truncate output
configure:4765: result: /bin/sed
configure:4783: checking for fgrep
configure:4845: result: /bin/grep -F
configure:4880: checking for ld used by gcc
configure:4947: result: /usr/bin/ld
configure:4954: checking if the linker (/usr/bin/ld) is GNU ld
configure:4969: result: yes
configure:4981: checking for BSD- or MS-compatible name lister (nm)
configure:5035: result: /usr/bin/nm -B
configure:5165: checking the name lister (/usr/bin/nm -B) interface
configure:5172: gcc -c -g -O2  conftest.c >&5
configure:5175: /usr/bin/nm -B "conftest.o"
configure:5178: output
0000000000000000 B some_variable
configure:5179: result: BSD nm
configure:5182: checking whether ln -s works
configure:5186: result: yes
configure:5194: checking the maximum length of command line arguments
configure:5325: result: 1572864
configure:5373: checking how to convert x86_64-unknown-linux-gnu file names to x86_64-unknown-linux-gnu format
configure:5413: result: func_convert_file_noop
configure:5420: checking how to convert x86_64-unknown-linux-gnu file names to toolchain format
configure:5440: result: func_convert_file_noop
configure:5447: checking for /usr/bin/ld option to reload object files
configure:5454: result: -r
configure:5528: checking for objdump
configure:5544: found /usr/bin/objdump
configure:5555: result: objdump
configure:5587: checking how to recognize dependent libraries
configure:5787: result: pass_all
configure:5872: checking for dlltool
configure:5902: result: no
configure:5932: checking how to associate runtime and link libraries
configure:5959: result: printf %s\n
configure:6019: checking for ar
configure:6035: found /usr/bin/ar
configure:6046: result: ar
configure:6083: checking for archiver @FILE support
configure:6100: gcc -c -g -O2  conftest.c >&5
configure:6100: $? = 0
configure:6103: ar cr libconftest.a @conftest.lst >&5
configure:6106: $? = 0
configure:6111: ar cr libconftest.a @conftest.lst >&5
ar: conftest.o: No such file or directory
configure:6114: $? = 1
configure:6113: result: @
configure:6171: checking for strip
configure:6187: found /usr/bin/strip
configure:6198: result: strip
configure:6270: checking for ranlib
configure:6286: found /usr/bin/ranlib
configure:6297: result: ranlib
configure:6399: checking command to parse /usr/bin/nm -B output from gcc object
configure:6552: gcc -c -g -O2  conftest.c >&5
configure:6555: $? = 0
configure:6559: /usr/bin/nm -B conftest.o | sed -n -e 's/^.*[	 ]\([ABCDGIRSTW][ABCDGIRSTW]*\)[	 ][	 ]*\([_A-Za-z][_A-Za-z0-9]*\)$/\1 \2 \2/p' | sed '/ __gnu_lto/d' > conftest.nm
configure:6625: gcc -o conftest -g -O2   conftest.c conftstm.o >&5
configure:6628: $? = 0
configure:6666: result: ok
configure:6713: checking for sysroot
configure:6743: result: no
configure:6750: checking for a working dd
configure:6788: result: /bin/dd
configure:6792: checking how to truncate binary pipes
configure:6807: result: /bin/dd bs=4096 count=1
configure:6943: gcc -c -g -O2  conftest.c >&5
configure:6946: $? = 0
configure:7136: checking for mt
configure:7152: found /bin/mt
configure:7163: result: mt
configure:7186: checking if mt is a manifest tool
configure:7192: mt '-?'
configure:7200: result: no
configure:7874: checking for dlfcn.h
configure:7874: gcc -c -g -O2  conftest.c >&5
configure:7874: $? = 0
configure:7874: result: yes
configure:8100: checking for objdir
configure:8115: result: .libs
configure:8375: checking if gcc supports -fno-rtti -fno-exceptions
configure:8393: gcc -c -g -O2  -fno-rtti -fno-exceptions conftest.c >&5
cc1: warning: command line option '-fno-rtti' is valid for C++/D/ObjC++ but not for C
configure:8397: $? = 0
configure:8410: result: no
configure:8774: checking for gcc option to produce PIC
configure:8781: result: -fPIC -DPIC
configure:8789: checking if gcc PIC flag -fPIC -DPIC works
configure:8807: gcc -c -g -O2  -fPIC -DPIC -DPIC conftest.c >&5
configure:8811: $? = 0
configure:8824: result: yes
configure:8853: checking if gcc static flag -static works
configure:8881: result: yes
configure:8896: checking if gcc supports -c -o file.o
configure:8917: gcc -c -g -O2  -o out/conftest2.o conftest.c >&5
configure:8921: $? = 0
configure:8943: result: yes
configure:8951: checking if gcc supports -c -o file.o
configure:8998: result: yes
configure:9031: checking whether the gcc linker (/usr/bin/ld -m elf_x86_64) supports shared libraries
configure:10294: result: yes
configure:10331: checking whether -lc should be explicitly linked in
configure:10339: gcc -c -g -O2  conftest.c >&5
configure:10342: $? = 0
configure:10357: gcc -shared  -fPIC -DPIC conftest.o  -v -Wl,-soname -Wl,conftest -o conftest 2\>\&1 \| /bin/grep  -lc  \>/dev/null 2\>\&1
configure:10360: $? = 0
configure:10374: result: no
configure:10534: checking dynamic linker characteristics
configure:11115: gcc -o conftest -g -O2   -Wl,-rpath -Wl,/foo conftest.c  >&5
configure:11115: $? = 0
configure:11364: result: GNU/Linux ld.so
configure:11486: checking how to hardcode library paths into programs
configure:11511: result: immediate
configure:12059: checking whether stripping libraries is possible
configure:12064: result: yes
configure:12099: checking if libtool supports shared libraries
configure:12101: result: yes
configure:12104: checking whether to build shared libraries
configure:12129: result: yes
configure:12132: checking whether to build static libraries
configure:12136: result: no
configure:8997: checking for gcc
configure:9024: result: gcc
configure:9253: checking for C compiler version
configure:9262: gcc --version >&5
gcc (Ubuntu 9.4.0-1ubuntu1~20.04.1) 9.4.0
Copyright (C) 2019 Free Software Foundation, Inc.
This is free software; see the source for copying conditions.  There is NO
warranty; not even for MERCHANTABILITY or FITNESS FOR A PARTICULAR PURPOSE.

configure:9273: $? = 0
configure:9262: gcc -v >&5
Using built-in specs.
COLLECT_GCC=gcc
COLLECT_LTO_WRAPPER=/usr/lib/gcc/x86_64-linux-gnu/9/lto-wrapper
OFFLOAD_TARGET_NAMES=nvptx-none:hsa
OFFLOAD_TARGET_DEFAULT=1
Target: x86_64-linux-gnu
Configured with: ../src/configure -v --with-pkgversion='Ubuntu 9.4.0-1ubuntu1~20.04.1' --with-bugurl=file:///usr/share/doc/gcc-9/README.Bugs --enable-languages=c,ada,c++,go,brig,d,fortran,objc,obj-c++,gm2 --prefix=/usr --with-gcc-major-version-only --program-suffix=-9 --program-prefix=x86_64-linux-gnu- --enable-shared --enable-linker-build-id --libexecdir=/usr/lib --without-included-gettext --enable-threads=posix --libdir=/usr/lib --enable-nls --enable-clocale=gnu --enable-libstdcxx-debug --enable-libstdcxx-time=yes --with-default-libstdcxx-abi=new --enable-gnu-unique-object --disable-vtable-verify --enable-plugin --enable-default-pie --with-system-zlib --with-target-system-zlib=auto --enable-objc-gc=auto --enable-multiarch --disable-werror --with-arch-32=i686 --with-abi=m64 --with-multilib-list=m32,m64,mx32 --enable-multilib --with-tune=generic --enable-offload-targets=nvptx-none=/build/gcc-9-Av3uEd/gcc-9-9.4.0/debian/tmp-nvptx/usr,hsa --without-cuda-driver --enable-checking=release --build=x86_64-linux-gnu --host=x86_64-linux-gnu --target=x86_64-linux-gnu
Thread model: posix
gcc version 9.4.0 (Ubuntu 9.4.0-1ubuntu1~20.04.1) 
configure:9273: $? = 0
configure:9262: gcc -V >&5
gcc: error: unrecognized command line option '-V'
gcc: fatal error: no input files
compilation terminated.
configure:9273: $? = 1
configure:9262: gcc -qversion >&5
gcc: error: unrecognized command line option '-qversion'; did you mean '--version'?
gcc: fatal error: no input files
compilation terminated.
configure:9273: $? = 1
configure:9277: checking whether we are using the GNU C compiler
configure:9305: result: yes
configure:9314: checking whether gcc accepts -g
configure:9375: result: yes
configure:9392: checking for gcc option to accept ISO C89
configure:9468: result: none needed
configure:9493: checking whether gcc understands -c and -o together
configure:9530: result: yes
configure:9549: checking dependency style of gcc
configure:9660: result: gcc3
configure:9732: checking for pkg-config
configure:9750: found /usr/bin/pkg-config
configure:9762: result: /usr/bin/pkg-config
configure:9787: checking pkg-config is at least version 0.9.0
configure:9790: result: yes
configure:9817: checking for strdup
configure:9817: gcc -o conftest -g -O2   conftest.c  >&5
conftest.c:50:6: warning: conflicting types for built-in function 'strdup'; expected 'char *(const char *)' [-Wbuiltin-declaration-mismatch]
   50 | char strdup ();
      |      ^~~~~~
configure:9817: $? = 0
configure:9817: result: yes
configure:9836: checking for pthread_mutex_init in -lpthread
configure:9861: gcc -o conftest -g -O2   conftest.c -lpthread   >&5
configure:9861: $? = 0
configure:9870: result: yes
configure:9923: checking for png
configure:9930: $PKG_CONFIG --exists --print-errors ""libpng""
configure:9933: $? = 0
configure:9947: $PKG_CONFIG --exists --print-errors ""libpng""
configure:9950: $? = 0
configure:9990: result: yes
configure:11245: checking that generated files are newer than configure
configure:11251: result: done
configure:11302: creating ./config.status

## ---------------------- ##
## Running config.status. ##
## ---------------------- ##

This file was extended by QRencode config.status 4.1.1, which was
generated by GNU Autoconf 2.69.  Invocation command line was

  CONFIG_FILES    = 
  CONFIG_HEADERS  = 
  CONFIG_LINKS    = 
  CONFIG_COMMANDS = 
  $ ./config.status 

on wiacek

config.status:1120: creating Makefile
config.status:1120: creating libqrencode.pc
config.status:1120: creating tests/Makefile
config.status:1120: creating qrencode.1
config.status:1120: creating config.h
config.status:1349: executing depfiles commands
config.status:1426: cd .       && sed -e '/# am--include-marker/d' Makefile         | make -f - am--depfiles
config.status:1431: $? = 0
config.status:1426: cd tests       && sed -e '/# am--include-marker/d' Makefile         | make -f - am--depfiles
config.status:1431: $? = 0
config.status:1349: executing libtool commands

## ---------------- ##
## Cache variables. ##
## ---------------- ##

ac_cv_build=x86_64-unknown-linux-gnu
ac_cv_c_compiler_gnu=yes
ac_cv_c_const=yes
ac_cv_c_inline=inline
ac_cv_env_CC_set=
ac_cv_env_CC_value=
ac_cv_env_CFLAGS_set=
ac_cv_env_CFLAGS_value=
ac_cv_env_CPPFLAGS_set=
ac_cv_env_CPPFLAGS_value=
ac_cv_env_CPP_set=
ac_cv_env_CPP_value=
ac_cv_env_LDFLAGS_set=
ac_cv_env_LDFLAGS_value=
ac_cv_env_LIBS_set=
ac_cv_env_LIBS_value=
ac_cv_env_LT_SYS_LIBRARY_PATH_set=
ac_cv_env_LT_SYS_LIBRARY_PATH_value=
ac_cv_env_PKG_CONFIG_LIBDIR_set=
ac_cv_env_PKG_CONFIG_LIBDIR_value=
ac_cv_env_PKG_CONFIG_PATH_set=
ac_cv_env_PKG_CONFIG_PATH_value=
ac_cv_env_PKG_CONFIG_set=
ac_cv_env_PKG_CONFIG_value=
ac_cv_env_SDL_CFLAGS_set=
ac_cv_env_SDL_CFLAGS_value=
ac_cv_env_SDL_LIBS_set=
ac_cv_env_SDL_LIBS_value=
ac_cv_env_build_alias_set=
ac_cv_env_build_alias_value=
ac_cv_env_host_alias_set=
ac_cv_env_host_alias_value=
ac_cv_env_png_CFLAGS_set=
ac_cv_env_png_CFLAGS_value=
ac_cv_env_png_LIBS_set=
ac_cv_env_png_LIBS_value=
ac_cv_env_target_alias_set=
ac_cv_env_target_alias_value=
ac_cv_func_strdup=yes
ac_cv_header_dlfcn_h=yes
ac_cv_header_inttypes_h=yes
ac_cv_header_memory_h=yes
ac_cv_header_stdc=yes
ac_cv_header_stdint_h=yes
ac_cv_header_stdlib_h=yes
ac_cv_header_string_h=yes
ac_cv_header_strings_h=yes
ac_cv_header_sys_stat_h=yes
ac_cv_header_sys_time_h=yes
ac_cv_header_sys_types_h=yes
ac_cv_header_unistd_h=yes
ac_cv_host=x86_64-unknown-linux-gnu
ac_cv_lib_pthread_pthread_mutex_init=yes
ac_cv_objext=o
ac_cv_path_EGREP='/bin/grep -E'
ac_cv_path_FGREP='/bin/grep -F'
ac_cv_path_GREP=/bin/grep
ac_cv_path_SED=/bin/sed
ac_cv_path_ac_pt_PKG_CONFIG=/usr/bin/pkg-config
ac_cv_path_install='/usr/bin/install -c'
ac_cv_path_lt_DD=/bin/dd
ac_cv_path_mkdir=/bin/mkdir
ac_cv_prog_AWK=gawk
ac_cv_prog_CPP='gcc -E'
ac_cv_prog_ac_ct_AR=ar
ac_cv_prog_ac_ct_CC=gcc
ac_cv_prog_ac_ct_MANIFEST_TOOL=mt
ac_cv_prog_ac_ct_OBJDUMP=objdump
ac_cv_prog_ac_ct_RANLIB=ranlib
ac_cv_prog_ac_ct_STRIP=strip
ac_cv_prog_cc_c89=
ac_cv_prog_cc_g=yes
ac_cv_prog_make_make_set=yes
ac_cv_target=x86_64-unknown-linux-gnu
am_cv_CC_dependencies_compiler_type=gcc3
am_cv_make_support_nested_variables=yes
am_cv_prog_cc_c_o=yes
lt_cv_ar_at_file=@
lt_cv_archive_cmds_need_lc=no
lt_cv_deplibs_check_method=pass_all
lt_cv_file_magic_cmd='$MAGIC_CMD'
lt_cv_file_magic_test_file=
lt_cv_ld_reload_flag=-r
lt_cv_nm_interface='BSD nm'
lt_cv_objdir=.libs
lt_cv_path_LD=/usr/bin/ld
lt_cv_path_NM='/usr/bin/nm -B'
lt_cv_path_mainfest_tool=no
lt_cv_prog_compiler_c_o=yes
lt_cv_prog_compiler_pic='-fPIC -DPIC'
lt_cv_prog_compiler_pic_works=yes
lt_cv_prog_compiler_rtti_exceptions=no
lt_cv_prog_compiler_static_works=yes
lt_cv_prog_gnu_ld=yes
lt_cv_sharedlib_from_linklib_cmd='printf %s\n'
lt_cv_shlibpath_overrides_runpath=yes
lt_cv_sys_global_symbol_pipe='sed -n -e '\''s/^.*[	 ]\([ABCDGIRSTW][ABCDGIRSTW]*\)[	 ][	 ]*\([_A-Za-z][_A-Za-z0-9]*\)$/\1 \2 \2/p'\'' | sed '\''/ __gnu_lto/d'\'''
lt_cv_sys_global_symbol_to_c_name_address='sed -n -e '\''s/^: \(.*\) .*$/  {"\1", (void *) 0},/p'\'' -e '\''s/^[ABCDGIRSTW][ABCDGIRSTW]* .* \(.*\)$/  {"\1", (void *) \&\1},/p'\'''
lt_cv_sys_global_symbol_to_c_name_address_lib_prefix='sed -n -e '\''s/^: \(.*\) .*$/  {"\1", (void *) 0},/p'\'' -e '\''s/^[ABCDGIRSTW][ABCDGIRSTW]* .* \(lib.*\)$/  {"\1", (void *) \&\1},/p'\'' -e '\''s/^[ABCDGIRSTW][ABCDGIRSTW]* .* \(.*\)$/  {"lib\1", (void *) \&\1},/p'\'''
lt_cv_sys_global_symbol_to_cdecl='sed -n -e '\''s/^T .* \(.*\)$/extern int \1();/p'\'' -e '\''s/^[ABCDGIRSTW][ABCDGIRSTW]* .* \(.*\)$/extern char \1;/p'\'''
lt_cv_sys_global_symbol_to_import=
lt_cv_sys_max_cmd_len=1572864
lt_cv_to_host_file_cmd=func_convert_file_noop
lt_cv_to_tool_file_cmd=func_convert_file_noop
lt_cv_truncate_bin='/bin/dd bs=4096 count=1'
pkg_cv_png_CFLAGS=-I/usr/include/libpng16
pkg_cv_png_LIBS='-lpng16 -lz'

## ----------------- ##
## Output variables. ##
## ----------------- ##

ACLOCAL='${SHELL} /home/marcin/development/qt/fullscreanApp/lib/qrencode-4.1.1/use/missing aclocal-1.16'
AMDEPBACKSLASH='\'
AMDEP_FALSE='#'
AMDEP_TRUE=''
AMTAR='$${TAR-tar}'
AM_BACKSLASH='\'
AM_DEFAULT_V='$(AM_DEFAULT_VERBOSITY)'
AM_DEFAULT_VERBOSITY='1'
AM_V='$(V)'
AR='ar'
AUTOCONF='${SHELL} /home/marcin/development/qt/fullscreanApp/lib/qrencode-4.1.1/use/missing autoconf'
AUTOHEADER='${SHELL} /home/marcin/development/qt/fullscreanApp/lib/qrencode-4.1.1/use/missing autoheader'
AUTOMAKE='${SHELL} /home/marcin/development/qt/fullscreanApp/lib/qrencode-4.1.1/use/missing automake-1.16'
AWK='gawk'
BUILD_TESTS_FALSE=''
BUILD_TESTS_TRUE='#'
BUILD_TOOLS_FALSE='#'
BUILD_TOOLS_TRUE=''
CC='gcc'
CCDEPMODE='depmode=gcc3'
CFLAGS='-Wall -g -O2 -pthread'
CPP='gcc -E'
CPPFLAGS=''
CYGPATH_W='echo'
DEFS='-DHAVE_CONFIG_H'
DEPDIR='.deps'
DLLTOOL='false'
DSYMUTIL=''
DUMPBIN=''
ECHO_C=''
ECHO_N='-n'
ECHO_T=''
EGREP='/bin/grep -E'
EXEEXT=''
FGREP='/bin/grep -F'
GREP='/bin/grep'
HAVE_LIBPTHREAD_FALSE='#'
HAVE_LIBPTHREAD_TRUE=''
HAVE_PNG_FALSE='#'
HAVE_PNG_TRUE=''
HAVE_SDL_FALSE=''
HAVE_SDL_TRUE='#'
INSTALL_DATA='${INSTALL} -m 644'
INSTALL_PROGRAM='${INSTALL}'
INSTALL_SCRIPT='${INSTALL}'
INSTALL_STRIP_PROGRAM='$(install_sh) -c -s'
LD='/usr/bin/ld -m elf_x86_64'
LDFLAGS=''
LIBICONV=''
LIBOBJS=''
LIBPTHREAD='-lpthread'
LIBS=''
LIBTOOL='$(SHELL) $(top_builddir)/libtool'
LIPO=''
LN_S='ln -s'
LTLIBICONV=''
LTLIBOBJS=''
LT_SYS_LIBRARY_PATH=''
MAJOR_VERSION='4'
MAKEINFO='${SHELL} /home/marcin/development/qt/fullscreanApp/lib/qrencode-4.1.1/use/missing makeinfo'
MANIFEST_TOOL=':'
MICRO_VERSION='1'
MINGW_FALSE=''
MINGW_TRUE='#'
MINOR_VERSION='1'
MKDIR_P='/bin/mkdir -p'
NM='/usr/bin/nm -B'
NMEDIT=''
OBJDUMP='objdump'
OBJEXT='o'
OTOOL64=''
OTOOL=''
PACKAGE='qrencode'
PACKAGE_BUGREPORT=''
PACKAGE_NAME='QRencode'
PACKAGE_STRING='QRencode 4.1.1'
PACKAGE_TARNAME='qrencode'
PACKAGE_URL=''
PACKAGE_VERSION='4.1.1'
PATH_SEPARATOR=':'
PKG_CONFIG='/usr/bin/pkg-config'
PKG_CONFIG_LIBDIR=''
PKG_CONFIG_PATH=''
RANLIB='ranlib'
SDL_CFLAGS=''
SDL_LIBS=''
SED='/bin/sed'
SET_MAKE=''
SHELL='/bin/sh'
STRIP='strip'
VERSION='4.1.1'
ac_ct_AR='ar'
ac_ct_CC='gcc'
ac_ct_DUMPBIN=''
am__EXEEXT_FALSE=''
am__EXEEXT_TRUE='#'
am__fastdepCC_FALSE='#'
am__fastdepCC_TRUE=''
am__include='include'
am__isrc=''
am__leading_dot='.'
am__nodep='_no'
am__quote=''
am__tar='$${TAR-tar} chof - "$$tardir"'
am__untar='$${TAR-tar} xf -'
bindir='${exec_prefix}/bin'
build='x86_64-unknown-linux-gnu'
build_alias=''
build_cpu='x86_64'
build_os='linux-gnu'
build_vendor='unknown'
datadir='${datarootdir}'
datarootdir='${prefix}/share'
docdir='${datarootdir}/doc/${PACKAGE_TARNAME}'
dvidir='${docdir}'
exec_prefix='${prefix}'
host='x86_64-unknown-linux-gnu'
host_alias=''
host_cpu='x86_64'
host_os='linux-gnu'
host_vendor='unknown'
htmldir='${docdir}'
includedir='${prefix}/include'
infodir='${datarootdir}/info'
install_sh='${SHELL} /home/marcin/development/qt/fullscreanApp/lib/qrencode-4.1.1/use/install-sh'
libdir='${exec_prefix}/lib'
libexecdir='${exec_prefix}/libexec'
localedir='${datarootdir}/locale'
localstatedir='${prefix}/var'
mandir='${datarootdir}/man'
mkdir_p='$(MKDIR_P)'
oldincludedir='/usr/include'
pdfdir='${docdir}'
png_CFLAGS='-I/usr/include/libpng16'
png_LIBS='-lpng16 -lz'
prefix='/usr/local'
program_transform_name='s,x,x,'
psdir='${docdir}'
runstatedir='${localstatedir}/run'
sbindir='${exec_prefix}/sbin'
sharedstatedir='${prefix}/com'
sysconfdir='${prefix}/etc'
target='x86_64-unknown-linux-gnu'
target_alias=''
target_cpu='x86_64'
target_os='linux-gnu'
target_vendor='unknown'

## ----------- ##
## confdefs.h. ##
## ----------- ##

/* confdefs.h */
#define PACKAGE_NAME "QRencode"
#define PACKAGE_TARNAME "qrencode"
#define PACKAGE_VERSION "4.1.1"
#define PACKAGE_STRING "QRencode 4.1.1"
#define PACKAGE_BUGREPORT ""
#define PACKAGE_URL ""
#define MAJOR_VERSION 4
#define MINOR_VERSION 1
#define MICRO_VERSION 1
#define PACKAGE "qrencode"
#define VERSION "4.1.1"
#define STDC_HEADERS 1
#define HAVE_SYS_TYPES_H 1
#define HAVE_SYS_STAT_H 1
#define HAVE_STDLIB_H 1
#define HAVE_STRING_H 1
#define HAVE_MEMORY_H 1
#define HAVE_STRINGS_H 1
#define HAVE_INTTYPES_H 1
#define HAVE_STDINT_H 1
#define HAVE_UNISTD_H 1
#define HAVE_SYS_TIME_H 1
#define HAVE_DLFCN_H 1
#define LT_OBJDIR ".libs/"
#define HAVE_STRDUP 1
#define HAVE_LIBPTHREAD 1
#define HAVE_PNG 1
#define STATIC_IN_RELEASE static
/* #undef WITH_TESTS */

configure: exit 0
